CRITICAL - 2025-04-07 14:44:52 --> Invalid file: listeaza_registre.php
#0 /home/avocatqt/dev.avocatchelaru.ro/system/View/View.php(198): CodeIgniter\Exceptions\FrameworkException::forInvalidFile('listeaza_regist...')
#1 /home/avocatqt/dev.avocatchelaru.ro/system/Common.php(1089): CodeIgniter\View\View->render('listeaza_regist...', Array, true)
#2 /home/avocatqt/dev.avocatchelaru.ro/app/Controllers/DashboardController.php(273): view('listeaza_regist...', Array)
#3 /home/avocatqt/dev.avocatchelaru.ro/system/CodeIgniter.php(832): App\Controllers\DashboardController->listeazaRegistre()
#4 /home/avocatqt/dev.avocatchelaru.ro/system/CodeIgniter.php(419): CodeIgniter\CodeIgniter->runController(Object(App\Controllers\DashboardController))
#5 /home/avocatqt/dev.avocatchelaru.ro/system/CodeIgniter.php(326): CodeIgniter\CodeIgniter->handleRequest(NULL, Object(Config\Cache), false)
#6 /home/avocatqt/dev.avocatchelaru.ro/public/index.php(37): CodeIgniter\CodeIgniter->run()
#7 {main}
CRITICAL - 2025-04-07 15:30:08 --> syntax error, unexpected '"', expecting ')'
#0 /home/avocatqt/dev.avocatchelaru.ro/system/Autoloader/Autoloader.php(241): CodeIgniter\Autoloader\Autoloader->includeFile('/home/avocatqt/...')
#1 /home/avocatqt/dev.avocatchelaru.ro/system/Autoloader/Autoloader.php(219): CodeIgniter\Autoloader\Autoloader->loadInNamespace('App\\Controllers...')
#2 [internal function]: CodeIgniter\Autoloader\Autoloader->loadClass('App\\Controllers...')
#3 [internal function]: spl_autoload_call('App\\Controllers...')
#4 /home/avocatqt/dev.avocatchelaru.ro/system/CodeIgniter.php(797): class_exists('\\App\\Controller...', true)
#5 /home/avocatqt/dev.avocatchelaru.ro/system/CodeIgniter.php(406): CodeIgniter\CodeIgniter->startController()
#6 /home/avocatqt/dev.avocatchelaru.ro/system/CodeIgniter.php(326): CodeIgniter\CodeIgniter->handleRequest(NULL, Object(Config\Cache), false)
#7 /home/avocatqt/dev.avocatchelaru.ro/public/index.php(37): CodeIgniter\CodeIgniter->run()
#8 {main}
CRITICAL - 2025-04-07 15:32:29 --> syntax error, unexpected ';'
#0 /home/avocatqt/dev.avocatchelaru.ro/system/Autoloader/Autoloader.php(241): CodeIgniter\Autoloader\Autoloader->includeFile('/home/avocatqt/...')
#1 /home/avocatqt/dev.avocatchelaru.ro/system/Autoloader/Autoloader.php(219): CodeIgniter\Autoloader\Autoloader->loadInNamespace('App\\Controllers...')
#2 [internal function]: CodeIgniter\Autoloader\Autoloader->loadClass('App\\Controllers...')
#3 [internal function]: spl_autoload_call('App\\Controllers...')
#4 /home/avocatqt/dev.avocatchelaru.ro/system/CodeIgniter.php(797): class_exists('\\App\\Controller...', true)
#5 /home/avocatqt/dev.avocatchelaru.ro/system/CodeIgniter.php(406): CodeIgniter\CodeIgniter->startController()
#6 /home/avocatqt/dev.avocatchelaru.ro/system/CodeIgniter.php(326): CodeIgniter\CodeIgniter->handleRequest(NULL, Object(Config\Cache), false)
#7 /home/avocatqt/dev.avocatchelaru.ro/public/index.php(37): CodeIgniter\CodeIgniter->run()
#8 {main}
CRITICAL - 2025-04-07 16:02:11 --> file_get_contents(/home/avocatqt/dev.avocatchelaru.ro/writable/registru.json): failed to open stream: No such file or directory
#0 [internal function]: CodeIgniter\Debug\Exceptions->errorHandler(2, 'file_get_conten...', '/home/avocatqt/...', 112, Array)
#1 /home/avocatqt/dev.avocatchelaru.ro/app/Controllers/DashboardController.php(112): file_get_contents('/home/avocatqt/...')
#2 /home/avocatqt/dev.avocatchelaru.ro/system/CodeIgniter.php(832): App\Controllers\DashboardController->registruGenerator()
#3 /home/avocatqt/dev.avocatchelaru.ro/system/CodeIgniter.php(419): CodeIgniter\CodeIgniter->runController(Object(App\Controllers\DashboardController))
#4 /home/avocatqt/dev.avocatchelaru.ro/system/CodeIgniter.php(326): CodeIgniter\CodeIgniter->handleRequest(NULL, Object(Config\Cache), false)
#5 /home/avocatqt/dev.avocatchelaru.ro/public/index.php(37): CodeIgniter\CodeIgniter->run()
#6 {main}
